2021-09-05 18:16:06.846  INFO 9604 --- [main] com.example.pi2.Pi2Application           : Starting Pi2Application using Java 1.8.0_60 on LAPTOP-3FKK6U95 with PID 9604 (C:\Users\alara\OneDrive\Desktop\Projet PI\back\pi2\target\classes started by alara in C:\Users\alara\OneDrive\Desktop\Projet PI\back\pi2)
2021-09-05 18:16:06.853  INFO 9604 --- [main] com.example.pi2.Pi2Application           : No active profile set, falling back to default profiles: default
2021-09-05 18:16:07.441  INFO 9604 --- [main] .s.d.r.c.RepositoryConfigurationDelegate : Bootstrapping Spring Data JPA repositories in DEFAULT mode.
2021-09-05 18:16:07.501  INFO 9604 --- [main] .s.d.r.c.RepositoryConfigurationDelegate : Finished Spring Data repository scanning in 52 ms. Found 6 JPA repository interfaces.
2021-09-05 18:16:07.879  INFO 9604 --- [main] o.s.b.w.embedded.tomcat.TomcatWebServer  : Tomcat initialized with port(s): 8080 (http)
2021-09-05 18:16:07.887  INFO 9604 --- [main] o.apache.catalina.core.StandardService   : Starting service [Tomcat]
2021-09-05 18:16:07.887  INFO 9604 --- [main] org.apache.catalina.core.StandardEngine  : Starting Servlet engine: [Apache Tomcat/9.0.52]
2021-09-05 18:16:07.975  INFO 9604 --- [main] o.a.c.c.C.[Tomcat].[localhost].[/]       : Initializing Spring embedded WebApplicationContext
2021-09-05 18:16:07.975  INFO 9604 --- [main] w.s.c.ServletWebServerApplicationContext : Root WebApplicationContext: initialization completed in 1075 ms
2021-09-05 18:16:08.141  INFO 9604 --- [main] o.hibernate.jpa.internal.util.LogHelper  : HHH000204: Processing PersistenceUnitInfo [name: default]
2021-09-05 18:16:08.199  INFO 9604 --- [main] org.hibernate.Version                    : HHH000412: Hibernate ORM core version 5.4.32.Final
2021-09-05 18:16:08.358  INFO 9604 --- [main] o.hibernate.annotations.common.Version   : HCANN000001: Hibernate Commons Annotations {5.1.2.Final}
2021-09-05 18:16:08.456  INFO 9604 --- [main] com.zaxxer.hikari.HikariDataSource       : HikariPool-1 - Starting...
2021-09-05 18:16:08.603  INFO 9604 --- [main] com.zaxxer.hikari.HikariDataSource       : HikariPool-1 - Start completed.
2021-09-05 18:16:08.615  INFO 9604 --- [main] org.hibernate.dialect.Dialect            : HHH000400: Using dialect: org.hibernate.dialect.MySQL5InnoDBDialect
2021-09-05 18:16:09.432  INFO 9604 --- [main] o.h.e.t.j.p.i.JtaPlatformInitiator       : HHH000490: Using JtaPlatform implementation: [org.hibernate.engine.transaction.jta.platform.internal.NoJtaPlatform]
2021-09-05 18:16:09.440  INFO 9604 --- [main] j.LocalContainerEntityManagerFactoryBean : Initialized JPA EntityManagerFactory for persistence unit 'default'
2021-09-05 18:16:09.810  WARN 9604 --- [main] JpaBaseConfiguration$JpaWebConfiguration : spring.jpa.open-in-view is enabled by default. Therefore, database queries may be performed during view rendering. Explicitly configure spring.jpa.open-in-view to disable this warning
2021-09-05 18:16:10.077  INFO 9604 --- [main] o.s.b.w.embedded.tomcat.TomcatWebServer  : Tomcat started on port(s): 8080 (http) with context path ''
2021-09-05 18:16:10.086  INFO 9604 --- [main] com.example.pi2.Pi2Application           : Started Pi2Application in 3.589 seconds (JVM running for 4.391)
2021-09-05 18:16:16.105  INFO 9604 --- [http-nio-8080-exec-1] o.a.c.c.C.[Tomcat].[localhost].[/]       : Initializing Spring DispatcherServlet 'dispatcherServlet'
2021-09-05 18:16:16.105  INFO 9604 --- [http-nio-8080-exec-1] o.s.web.servlet.DispatcherServlet        : Initializing Servlet 'dispatcherServlet'
2021-09-05 18:16:16.106  INFO 9604 --- [http-nio-8080-exec-1] o.s.web.servlet.DispatcherServlet        : Completed initialization in 1 ms
2021-09-05 18:46:27.096  INFO 9604 --- [RMI TCP Connection(2)-127.0.0.1] inMXBeanRegistrar$SpringApplicationAdmin : Application shutdown requested.
2021-09-05 18:46:27.270  INFO 9604 --- [RMI TCP Connection(2)-127.0.0.1] j.LocalContainerEntityManagerFactoryBean : Closing JPA EntityManagerFactory for persistence unit 'default'
2021-09-05 18:46:27.272  INFO 9604 --- [RMI TCP Connection(2)-127.0.0.1] com.zaxxer.hikari.HikariDataSource       : HikariPool-1 - Shutdown initiated...
2021-09-05 18:46:27.277  INFO 9604 --- [RMI TCP Connection(2)-127.0.0.1] com.zaxxer.hikari.HikariDataSource       : HikariPool-1 - Shutdown completed.
2021-09-05 22:55:01.996  INFO 3836 --- [main] com.example.pi2.Pi2Application           : Starting Pi2Application using Java 1.8.0_60 on LAPTOP-3FKK6U95 with PID 3836 (C:\Users\alara\OneDrive\Desktop\Projet PI\back\pi2\target\classes started by alara in C:\Users\alara\OneDrive\Desktop\Projet PI\back\pi2)
2021-09-05 22:55:01.998  INFO 3836 --- [main] com.example.pi2.Pi2Application           : No active profile set, falling back to default profiles: default
2021-09-05 22:55:02.443  INFO 3836 --- [main] .s.d.r.c.RepositoryConfigurationDelegate : Bootstrapping Spring Data JPA repositories in DEFAULT mode.
2021-09-05 22:55:02.490  INFO 3836 --- [main] .s.d.r.c.RepositoryConfigurationDelegate : Finished Spring Data repository scanning in 40 ms. Found 6 JPA repository interfaces.
2021-09-05 22:55:02.785  INFO 3836 --- [main] o.s.b.w.embedded.tomcat.TomcatWebServer  : Tomcat initialized with port(s): 8080 (http)
2021-09-05 22:55:02.791  INFO 3836 --- [main] o.apache.catalina.core.StandardService   : Starting service [Tomcat]
2021-09-05 22:55:02.791  INFO 3836 --- [main] org.apache.catalina.core.StandardEngine  : Starting Servlet engine: [Apache Tomcat/9.0.52]
2021-09-05 22:55:02.862  INFO 3836 --- [main] o.a.c.c.C.[Tomcat].[localhost].[/]       : Initializing Spring embedded WebApplicationContext
2021-09-05 22:55:02.862  INFO 3836 --- [main] w.s.c.ServletWebServerApplicationContext : Root WebApplicationContext: initialization completed in 833 ms
2021-09-05 22:55:02.968  INFO 3836 --- [main] o.hibernate.jpa.internal.util.LogHelper  : HHH000204: Processing PersistenceUnitInfo [name: default]
2021-09-05 22:55:03.002  INFO 3836 --- [main] org.hibernate.Version                    : HHH000412: Hibernate ORM core version 5.4.32.Final
2021-09-05 22:55:03.096  INFO 3836 --- [main] o.hibernate.annotations.common.Version   : HCANN000001: Hibernate Commons Annotations {5.1.2.Final}
2021-09-05 22:55:03.165  INFO 3836 --- [main] com.zaxxer.hikari.HikariDataSource       : HikariPool-1 - Starting...
2021-09-05 22:55:03.279  INFO 3836 --- [main] com.zaxxer.hikari.HikariDataSource       : HikariPool-1 - Start completed.
2021-09-05 22:55:03.288  INFO 3836 --- [main] org.hibernate.dialect.Dialect            : HHH000400: Using dialect: org.hibernate.dialect.MySQL5InnoDBDialect
2021-09-05 22:55:03.885  INFO 3836 --- [main] o.h.e.t.j.p.i.JtaPlatformInitiator       : HHH000490: Using JtaPlatform implementation: [org.hibernate.engine.transaction.jta.platform.internal.NoJtaPlatform]
2021-09-05 22:55:03.893  INFO 3836 --- [main] j.LocalContainerEntityManagerFactoryBean : Initialized JPA EntityManagerFactory for persistence unit 'default'
2021-09-05 22:55:04.188  WARN 3836 --- [main] JpaBaseConfiguration$JpaWebConfiguration : spring.jpa.open-in-view is enabled by default. Therefore, database queries may be performed during view rendering. Explicitly configure spring.jpa.open-in-view to disable this warning
2021-09-05 22:55:04.395  INFO 3836 --- [main] o.s.b.w.embedded.tomcat.TomcatWebServer  : Tomcat started on port(s): 8080 (http) with context path ''
2021-09-05 22:55:04.401  INFO 3836 --- [main] com.example.pi2.Pi2Application           : Started Pi2Application in 2.683 seconds (JVM running for 3.293)
2021-09-05 22:57:49.305  INFO 3836 --- [http-nio-8080-exec-2] o.a.c.c.C.[Tomcat].[localhost].[/]       : Initializing Spring DispatcherServlet 'dispatcherServlet'
2021-09-05 22:57:49.305  INFO 3836 --- [http-nio-8080-exec-2] o.s.web.servlet.DispatcherServlet        : Initializing Servlet 'dispatcherServlet'
2021-09-05 22:57:49.307  INFO 3836 --- [http-nio-8080-exec-2] o.s.web.servlet.DispatcherServlet        : Completed initialization in 1 ms
2021-09-05 23:03:45.824  INFO 3836 --- [RMI TCP Connection(2)-127.0.0.1] inMXBeanRegistrar$SpringApplicationAdmin : Application shutdown requested.
2021-09-05 23:03:46.027  INFO 3836 --- [RMI TCP Connection(2)-127.0.0.1] j.LocalContainerEntityManagerFactoryBean : Closing JPA EntityManagerFactory for persistence unit 'default'
2021-09-05 23:03:46.028  INFO 3836 --- [RMI TCP Connection(2)-127.0.0.1] com.zaxxer.hikari.HikariDataSource       : HikariPool-1 - Shutdown initiated...
2021-09-05 23:03:46.033  INFO 3836 --- [RMI TCP Connection(2)-127.0.0.1] com.zaxxer.hikari.HikariDataSource       : HikariPool-1 - Shutdown completed.
